#
# A fatal error has been detected by the Java Runtime Environment:
#
#  SIGSEGV (0xb) at pc=0x00007fff610419c3, pid=95615, tid=0x0000000000008e03
#
# JRE version: Java(TM) SE Runtime Environment (8.0_191-b12) (build 1.8.0_191-b12)
# Java VM: Java HotSpot(TM) 64-Bit Server VM (25.191-b12 mixed mode bsd-amd64 compressed oops)
# Problematic frame:
# C  [libsystem_platform.dylib+0x19c3]  _platform_bzero$VARIANT$Haswell+0x83
#
# Failed to write core dump. Core dumps have been disabled. To enable core dumping, try "ulimit -c unlimited" before starting Java again
#
# If you would like to submit a bug report, please visit:
#   http://bugreport.java.com/bugreport/crash.jsp
# The crash happened outside the Java Virtual Machine in native code.
# See problematic frame for where to report the bug.
#

---------------  T H R E A D  ---------------

Current thread (0x00007fd9a4897000):  JavaThread "_jprofiler_native_sampler" daemon [_thread_in_native, id=36355, stack(0x0000700007892000,0x0000700007992000)]

siginfo: si_signo: 11 (SIGSEGV), si_code: 1 (SEGV_MAPERR), si_addr: 0x000000000000002e

Registers:
RAX=0x000000000000002b, RBX=0x00007fd9a5a2c410, RCX=0x0000000000000000, RDX=0x0000000000000004
RSP=0x0000700007991bf0, RBP=0x0000700007991bf0, RSI=0xaaaaaaaaaaaaaaaa, RDI=0x000000000000002b
R8 =0x0000000000000000, R9 =0x000000000002452e, R10=0x00007fd9a5c5cd40, R11=0x00007fd9a5c5cd84
R12=0x0000000000000000, R13=0x00007fd9a5a2c410, R14=0x0000000000000000, R15=0x0000700007991c00
RIP=0x00007fff610419c3, EFLAGS=0x0000000000010213, ERR=0x0000000000000006
  TRAPNO=0x000000000000000e

Top of Stack: (sp=0x0000700007991bf0)
0x0000700007991bf0:   0000700007991c50 000000012947b274
0x0000700007991c00:   00007fd9a48971f8 0000000000000000
0x0000700007991c10:   0000000000000000 0000000000000000
0x0000700007991c20:   0000000000000000 00007fd9a5c5c920
0x0000700007991c30:   0000000000b5da01 0000000000008e03
0x0000700007991c40:   00007fd9a4897100 0000000000000019
0x0000700007991c50:   0000700007991d20 00000001294936d8
0x0000700007991c60:   0000700007991c90 00000001075eafe4
0x0000700007991c70:   0000000015963588 00007fd9a514cb40
0x0000700007991c80:   0000700007991c90 0000000107a8e625
0x0000700007991c90:   0000700007991cd0 00000001078bbc4f
0x0000700007991ca0:   00007fd9a48971f8 0000000000000005
0x0000700007991cb0:   0000000000000004 0000000000008e03
0x0000700007991cc0:   00007fd998452610 00007fd9a4897000
0x0000700007991cd0:   0000700007991d00 000000005cfea41e
0x0000700007991ce0:   00007fd900028708 00007fd9a4897000
0x0000700007991cf0:   0000700007991d00 00007fd9a48971f8
0x0000700007991d00:   0000000000b5da01 0000000000008e03
0x0000700007991d10:   00007fd9a5c5c920 0000000000000019
0x0000700007991d20:   0000700007991d40 000000012948b0ab
0x0000700007991d30:   00007fd9a4897000 0000700007991d58
0x0000700007991d40:   0000700007991d70 00000001078ba6a0
0x0000700007991d50:   00007fd9a5119010 00007fd9a4897000
0x0000700007991d60:   00007fd9a4897000 0000700007991dd0
0x0000700007991d70:   0000700007991e30 0000000107a8d83f
0x0000700007991d80:   00007fd9a4897000 00007fd999fe5a50
0x0000700007991d90:   00007fd9a514ca50 00007fd9a514ca60
0x0000700007991da0:   00007fd9a514cb38 00007fd9a5119010
0x0000700007991db0:   00007fd9987d4fa0 00007fd9987d4fb0
0x0000700007991dc0:   00007fd9987d5388 00000000000003d8
0x0000700007991dd0:   00007fd9a4897000 00007fd999fe5a50
0x0000700007991de0:   00007fd9a514ca50 00007fd9a514ca60 

Instructions: (pc=0x00007fff610419c3)
0x00007fff610419a3:   c5 fc 11 04 17 c5 fc 11 44 17 20 c5 f8 77 5d c3
0x00007fff610419b3:   48 89 34 17 48 83 ea 08 73 f6 48 83 c2 08 74 0b
0x00007fff610419c3:   40 88 74 17 ff 48 83 ea 01 75 f5 5d c3 55 48 89
0x00007fff610419d3:   e5 41 57 41 56 53 50 49 89 f6 48 89 fb 48 8b 05 

Register to memory mapping:

RAX=0x000000000000002b is an unknown value
RBX=0x00007fd9a5a2c410 is an unknown value
RCX=0x0000000000000000 is an unknown value
RDX=0x0000000000000004 is an unknown value
RSP=0x0000700007991bf0 is pointing into the stack for thread: 0x00007fd9a4897000
RBP=0x0000700007991bf0 is pointing into the stack for thread: 0x00007fd9a4897000
RSI=0xaaaaaaaaaaaaaaaa is an unknown value
RDI=0x000000000000002b is an unknown value
R8 =0x0000000000000000 is an unknown value
R9 =0x000000000002452e is an unknown value
R10=0x00007fd9a5c5cd40 is an unknown value
R11=0x00007fd9a5c5cd84 is an unknown value
R12=0x0000000000000000 is an unknown value
R13=0x00007fd9a5a2c410 is an unknown value
R14=0x0000000000000000 is an unknown value
R15=0x0000700007991c00 is pointing into the stack for thread: 0x00007fd9a4897000


Stack: [0x0000700007892000,0x0000700007992000],  sp=0x0000700007991bf0,  free space=1022k
Native frames: (J=compiled Java code, j=interpreted, Vv=VM code, C=native code)
C  [libsystem_platform.dylib+0x19c3]  _platform_bzero$VARIANT$Haswell+0x83
C  [libjprofilerti.jnilib+0x71274]  LiveCpuProfilingHelper::updateThreadNames()+0x1b4
C  [libjprofilerti.jnilib+0x896d8]  LiveSamplerSession::doThreadStatusSampling(JNIEnv_*)+0xc8
C  [libjprofilerti.jnilib+0x810ab]  LiveProfiling::samplerThreadCallback(_jvmtiEnv*, JNIEnv_*, void*)+0x3b
